<?xml version="1.0" encoding="UTF-8"?>
<testng-results ignored="0" total="1" passed="1" failed="0" skipped="0">
  <reporter-output>
  </reporter-output>
  <suite started-at="2021-10-07T02:58:05 GET" name="Surefire suite" finished-at="2021-10-07T02:58:12 GET" duration-ms="7045">
    <groups>
      <group name="Regression0">
        <method signature="MainTest.Test1()[pri:0, instance:MainTest@2b8bd14b]" name="Test1" class="MainTest"/>
      </group> <!-- Regression0 -->
    </groups>
    <test started-at="2021-10-07T02:58:05 GET" name="Surefire test" finished-at="2021-10-07T02:58:12 GET" duration-ms="7045">
      <class name="MainTest">
        <test-method is-config="true" signature="Start()[pri:0, instance:MainTest@2b8bd14b]" started-at="2021-10-07T02:58:05 GET" name="Start" finished-at="2021-10-07T02:58:10 GET" duration-ms="5050" status="PASS">
          <reporter-output>
          </reporter-output>
        </test-method> <!-- Start -->
        <test-method signature="Test1()[pri:0, instance:MainTest@2b8bd14b]" started-at="2021-10-07T02:58:10 GET" name="Test1" finished-at="2021-10-07T02:58:12 GET" duration-ms="1866" status="PASS">
          <reporter-output>
          </reporter-output>
        </test-method> <!-- Test1 -->
      </class> <!-- MainTest -->
    </test> <!-- Surefire test -->
  </suite> <!-- Surefire suite -->
</testng-results>
